<?xml version="1.0" encoding="UTF-8"?>
<testsuite name="b1u3.app.questionize.AnalyzerTest" tests="3" skipped="0" failures="0" errors="0" timestamp="2020-05-31T12:30:49" hostname="HAPPYMAKER" time="0.018">
  <properties/>
  <testcase name="testAnalyzeAll()" classname="b1u3.app.questionize.AnalyzerTest" time="0.016"/>
  <testcase name="testAnalyzeLineWithSpaces()" classname="b1u3.app.questionize.AnalyzerTest" time="0.001"/>
  <testcase name="testAnalyzeLineWithFullSpacesAndJapanese()" classname="b1u3.app.questionize.AnalyzerTest" time="0.0"/>
  <system-out><![CDATA[]]></system-out>
  <system-err><![CDATA[]]></system-err>
</testsuite>
