<?xml version="1.0" encoding="UTF-8"?>
<testsuite name="b1u3.app.questionize.AnalyzerTest" tests="3" skipped="0" failures="0" errors="0" timestamp="2020-06-01T11:49:30" hostname="HAPPYMAKER" time="0.021">
  <properties/>
  <testcase name="testAnalyzeAll()" classname="b1u3.app.questionize.AnalyzerTest" time="0.017"/>
  <testcase name="testAnalyzeLineWithSpaces()" classname="b1u3.app.questionize.AnalyzerTest" time="0.002"/>
  <testcase name="testAnalyzeLineWithFullSpacesAndJapanese()" classname="b1u3.app.questionize.AnalyzerTest" time="0.001"/>
  <system-out><![CDATA[]]></system-out>
  <system-err><![CDATA[]]></system-err>
</testsuite>
